#
# There is insufficient memory for the Java Runtime Environment to continue.
# Native memory allocation (malloc) failed to allocate 42880 bytes for Chunk::new
# Possible reasons:
#   The system is out of physical RAM or swap space
#   In 32 bit mode, the process size limit was hit
# Possible solutions:
#   Reduce memory load on the system
#   Increase physical memory or swap space
#   Check if swap backing store is full
#   Use 64 bit Java on a 64 bit OS
#   Decrease Java heap size (-Xmx/-Xms)
#   Decrease number of Java threads
#   Decrease Java thread stack sizes (-Xss)
#   Set larger code cache with -XX:ReservedCodeCacheSize=
# This output file may be truncated or incomplete.
#
#  Out of Memory Error (allocation.cpp:390), pid=5904, tid=8048
#
# JRE version: Java(TM) SE Runtime Environment (8.0_51-b16) (build 1.8.0_51-b16)
# Java VM: Java HotSpot(TM) 64-Bit Server VM (25.51-b03 mixed mode windows-amd64 compressed oops)
# Failed to write core dump. Minidumps are not enabled by default on client versions of Windows
#

---------------  T H R E A D  ---------------

Current thread (0x0000000002820800):  JavaThread "main" [_thread_in_native, id=8048, stack(0x0000000002710000,0x0000000002810000)]

Stack: [0x0000000002710000,0x0000000002810000]
Native frames: (J=compiled Java code, j=interpreted, Vv=VM code, C=native code)
V  [jvm.dll+0x32b4ca]

Java frames: (J=compiled Java code, j=interpreted, Vv=VM code)
j  javax.swing.UIManager.setLookAndFeel(Ljava/lang/String;)V+9
j  javax.swing.UIManager.initializeDefaultLAF(Ljava/util/Properties;)V+55
j  javax.swing.UIManager.initialize()V+9
j  javax.swing.UIManager.maybeInitialize()V+22
j  javax.swing.UIManager.getUI(Ljavax/swing/JComponent;)Ljavax/swing/plaf/ComponentUI;+0
j  javax.swing.JPanel.updateUI()V+2
j  javax.swing.JPanel.<init>(Ljava/awt/LayoutManager;Z)V+24
j  javax.swing.JPanel.<init>(Z)V+9
j  javax.swing.JPanel.<init>()V+2
j  javax.swing.JRootPane.createGlassPane()Ljava/awt/Component;+4
j  javax.swing.JRootPane.<init>()V+11
j  javax.swing.JFrame.createRootPane()Ljavax/swing/JRootPane;+4
j  javax.swing.JFrame.frameInit()V+16
j  javax.swing.JFrame.<init>()V+20
j  gameElements.GameTest.main([Ljava/lang/String;)V+697
v  ~StubRoutines::call_stub

---------------  P R O C E S S  ---------------

Java Threads: ( => current thread )
  0x00000000127a0800 JavaThread "AWT-Windows" daemon [_thread_in_native, id=8120, stack(0x0000000013a10000,0x0000000013b10000)]
  0x00000000127a0000 JavaThread "AWT-Shutdown" [_thread_blocked, id=5804, stack(0x0000000013910000,0x0000000013a10000)]
  0x0000000013491800 JavaThread "Java2D Disposer" daemon [_thread_blocked, id=6084, stack(0x00000000136b0000,0x00000000137b0000)]
  0x0000000012749000 JavaThread "Service Thread" daemon [_thread_blocked, id=5584, stack(0x0000000012fc0000,0x00000000130c0000)]
  0x00000000126b8000 JavaThread "C1 CompilerThread2" daemon [_thread_blocked, id=316, stack(0x0000000012ec0000,0x0000000012fc0000)]
  0x00000000126b3000 JavaThread "C2 CompilerThread1" daemon [_thread_blocked, id=2684, stack(0x0000000012dc0000,0x0000000012ec0000)]
  0x00000000126af000 JavaThread "C2 CompilerThread0" daemon [_thread_blocked, id=4888, stack(0x0000000012cc0000,0x0000000012dc0000)]
  0x00000000126be000 JavaThread "Attach Listener" daemon [_thread_blocked, id=2932, stack(0x0000000012bc0000,0x0000000012cc0000)]
  0x00000000126bb800 JavaThread "Signal Dispatcher" daemon [_thread_blocked, id=7752, stack(0x0000000012ac0000,0x0000000012bc0000)]
  0x0000000012675800 JavaThread "Finalizer" daemon [_thread_blocked, id=5240, stack(0x00000000129c0000,0x0000000012ac0000)]
  0x000000001266e000 JavaThread "Reference Handler" daemon [_thread_blocked, id=4236, stack(0x00000000128c0000,0x00000000129c0000)]
=>0x0000000002820800 JavaThread "main" [_thread_in_native, id=8048, stack(0x0000000002710000,0x0000000002810000)]

Other Threads:
  0x000000001266a800 VMThread [stack: 0x00000000127c0000,0x00000000128c0000] [id=7448]
  0x000000001274e000 WatcherThread [stack: 0x00000000130c0000,0x00000000131c0000] [id=4636]

VM state:not at safepoint (normal execution)

VM Mutex/Monitor currently owned by a thread: None

Heap:
 def new generation   total 8640K, used 5122K [0x00000000e4a00000, 0x00000000e5350000, 0x00000000edc00000)
  eden space 7744K,  66% used [0x00000000e4a00000, 0x00000000e4f00af0, 0x00000000e5190000)
  from space 896K,   0% used [0x00000000e5190000, 0x00000000e5190000, 0x00000000e5270000)
  to   space 896K,   0% used [0x00000000e5270000, 0x00000000e5270000, 0x00000000e5350000)
 tenured generation   total 19136K, used 0K [0x00000000edc00000, 0x00000000eeeb0000, 0x0000000100000000)
   the space 19136K,   0% used [0x00000000edc00000, 0x00000000edc00000, 0x00000000edc00200, 0x00000000eeeb0000)
 Metaspace       used 6522K, capacity 6664K, committed 6784K, reserved 1056768K
  class space    used 741K, capacity 791K, committed 896K, reserved 1048576K

Card table byte_map: [0x0000000011ce0000,0x0000000011dc0000] byte_map_base: 0x00000000115bb000

Polling page: 0x0000000000ef0000

CodeCache: size=245760Kb used=1770Kb max_used=1770Kb free=243989Kb
 bounds [0x0000000002920000, 0x0000000002b90000, 0x0000000011920000]
 total_blobs=692 nmethods=331 adapters=275
 compilation: enabled

Compilation events (10 events):
Event: 5.597 Thread 0x00000000126b8000  327       3       java.util.HashMap$KeyIterator::next (8 bytes)
Event: 5.597 Thread 0x00000000126b8000 nmethod 327 0x0000000002ad7a10 code [0x0000000002ad7b80, 0x0000000002ad7d88]
Event: 5.597 Thread 0x00000000126b8000  328       3       java.util.AbstractMap::<init> (5 bytes)
Event: 5.598 Thread 0x00000000126b8000 nmethod 328 0x0000000002ad7650 code [0x0000000002ad77a0, 0x0000000002ad7950]
Event: 5.598 Thread 0x00000000126b8000  329       3       sun.awt.AppContext::getAppContext (51 bytes)
Event: 5.599 Thread 0x00000000126b8000 nmethod 329 0x0000000002ad6c90 code [0x0000000002ad6e40, 0x0000000002ad74b8]
Event: 5.599 Thread 0x00000000126b8000  330       3       java.util.IdentityHashMap$IdentityHashMapIterator::hasNext (50 bytes)
Event: 5.599 Thread 0x00000000126b8000 nmethod 330 0x0000000002ad6790 code [0x0000000002ad6900, 0x0000000002ad6b90]
Event: 5.599 Thread 0x00000000126b8000  331       3       java.util.HashMap::resize (359 bytes)
Event: 5.602 Thread 0x00000000126b8000 nmethod 331 0x0000000002ad95d0 code [0x0000000002ad9820, 0x0000000002adaa48]

GC Heap History (0 events):
No events

Deoptimization events (0 events):
No events

Internal exceptions (10 events):
Event: 0.089 Thread 0x0000000002820800 Exception <a 'java/lang/NoSuchMethodError': Method sun.misc.Unsafe.defineClass(Ljava/lang/String;[BII)Ljava/lang/Class; name or signature does not match> (0x00000000e4a0ced8) thrown at [C:\re\workspace\8-2-build-windows-amd64-cygwin\jdk8u51\3951\hotspot\sr‰GâÎ∂?
Event: 0.090 Thread 0x0000000002820800 Exception <a 'java/lang/NoSuchMethodError': Method sun.misc.Unsafe.prefetchRead(Ljava/lang/Object;J)V name or signature does not match> (0x00000000e4a0d168) thrown at [C:\re\workspace\8-2-build-windows-amd64-cygwin\jdk8u51\3951\hotspot\src\share\vm\prims\jœ‹¯UÃ—?
Event: 0.278 Thread 0x0000000002820800 Exception <a 'java/security/PrivilegedActionException'> (0x00000000e4ad95f8) thrown at [C:\re\workspace\8-2-build-windows-amd64-cygwin\jdk8u51\3951\hotspot\src\share\vm\prims\jvm.cpp, line 1382]
Event: 0.278 Thread 0x0000000002820800 Exception <a 'java/security/PrivilegedActionException'> (0x00000000e4ad97b0) thrown at [C:\re\workspace\8-2-build-windows-amd64-cygwin\jdk8u51\3951\hotspot\src\share\vm\prims\jvm.cpp, line 1382]
Event: 0.281 Thread 0x0000000002820800 Exception <a 'java/security/PrivilegedActionException'> (0x00000000e4add6d8) thrown at [C:\re\workspace\8-2-build-windows-amd64-cygwin\jdk8u51\3951\hotspot\src\share\vm\prims\jvm.cpp, line 1382]
Event: 0.281 Thread 0x0000000002820800 Exception <a 'java/security/PrivilegedActionException'> (0x00000000e4add890) thrown at [C:\re\workspace\8-2-build-windows-amd64-cygwin\jdk8u51\3951\hotspot\src\share\vm\prims\jvm.cpp, line 1382]
Event: 0.410 Thread 0x0000000002820800 Exception <a 'java/io/FileNotFoundException'> (0x00000000e4adfda0) thrown at [C:\re\workspace\8-2-build-windows-amd64-cygwin\jdk8u51\3951\hotspot\src\share\vm\prims\jni.cpp, line 709]
Event: 0.760 Thread 0x0000000002820800 Exception <a 'java/lang/NoSuchFieldError': method resolution failed> (0x00000000e4bcbda0) thrown at [C:\re\workspace\8-2-build-windows-amd64-cygwin\jdk8u51\3951\hotspot\src\share\vm\prims\methodHandles.cpp, line 1125]
Event: 0.768 Thread 0x0000000002820800 Exception <a 'java/lang/NoSuchFieldError': method resolution failed> (0x00000000e4bda4d0) thrown at [C:\re\workspace\8-2-build-windows-amd64-cygwin\jdk8u51\3951\hotspot\src\share\vm\prims\methodHandles.cpp, line 1125]
Event: 5.352 Thread 0x0000000002820800 Exception <a 'java/io/FileNotFoundException'> (0x00000000e4e9ed00) thrown at [C:\re\workspace\8-2-build-windows-amd64-cygwin\jdk8u51\3951\hotspot\src\share\vm\prims\jni.cpp, line 709]

Events (10 events):
Event: 5.602 loading class sun/swing/SwingUtilities2$LSBCacheEntry done
Event: 5.602 loading class javax/swing/UIManager$LAFState
Event: 5.602 loading class javax/swing/UIManager$LAFState done
Event: 5.602 loading class javax/swing/UIDefaults
Event: 5.603 loading class javax/swing/UIDefaults done
Event: 5.603 loading class javax/swing/MultiUIDefaults
Event: 5.603 loading class javax/swing/MultiUIDefaults done
Event: 5.603 loading class javax/swing/UIManager$1
Event: 5.604 loading class javax/swing/UIManager$1 done
Event: 5.604 loading class javax/swing/plaf/metal/MetalLookAndFeel


Dynamic libraries:
0x00007ff74d470000 - 0x00007ff74d4a7000 	C:\Program Files\Java\jdk1.8.0_51\bin\javaw.exe
0x00007ffc19a60000 - 0x00007ffc19c0d000 	C:\Windows\SYSTEM32\ntdll.dll
0x00007ffc196c0000 - 0x00007ffc197fa000 	C:\Windows\system32\KERNEL32.DLL
0x00007ffc16f50000 - 0x00007ffc17065000 	C:\Windows\system32\KERNELBASE.dll
0x00007ffc15800000 - 0x00007ffc15888000 	C:\Windows\system32\apphelp.dll
0x00007ffc0c950000 - 0x00007ffc0c99f000 	C:\Windows\AppPatch\AppPatch64\AcGenral.DLL
0x00007ffc18870000 - 0x00007ffc18917000 	C:\Windows\system32\msvcrt.dll
0x00007ffc169d0000 - 0x00007ffc169fb000 	C:\Windows\SYSTEM32\SspiCli.dll
0x00007ffc18ea0000 - 0x00007ffc18ef1000 	C:\Windows\system32\SHLWAPI.dll
0x00007ffc18cc0000 - 0x00007ffc18e37000 	C:\Windows\system32\USER32.dll
0x00007ffc19880000 - 0x00007ffc19a14000 	C:\Windows\system32\ole32.dll
0x00007ffc171d0000 - 0x00007ffc186fb000 	C:\Windows\system32\SHELL32.dll
0x00007ffc161e0000 - 0x00007ffc161fe000 	C:\Windows\SYSTEM32\USERENV.dll
0x00007ffc19230000 - 0x00007ffc192da000 	C:\Windows\system32\ADVAPI32.dll
0x00007ffc0a4b0000 - 0x00007ffc0a4cb000 	C:\Windows\SYSTEM32\MPR.dll
0x00007ffc192e0000 - 0x00007ffc19421000 	C:\Windows\system32\RPCRT4.dll
0x00007ffc18920000 - 0x00007ffc18979000 	C:\Windows\SYSTEM32\sechost.dll
0x00007ffc19490000 - 0x00007ffc196a1000 	C:\Windows\SYSTEM32\combase.dll
0x00007ffc18f00000 - 0x00007ffc19050000 	C:\Windows\system32\GDI32.dll
0x00007ffc16c00000 - 0x00007ffc16c14000 	C:\Windows\SYSTEM32\profapi.dll
0x00007ffc151d0000 - 0x00007ffc1526f000 	C:\Windows\SYSTEM32\SHCORE.dll
0x00007ffc19a20000 - 0x00007ffc19a54000 	C:\Windows\system32\IMM32.DLL
0x00007ffc18b60000 - 0x00007ffc18cb2000 	C:\Windows\system32\MSCTF.dll
0x00007ffc14720000 - 0x00007ffc1499b000 	C:\Windows\WinSxS\amd64_microsoft.windows.common-controls_6595b64144ccf1df_6.0.9600.18006_none_623f33d3ecbe86e8\COMCTL32.dll
0x0000000052c20000 - 0x0000000052cf2000 	C:\Program Files\Java\jdk1.8.0_51\jre\bin\msvcr100.dll
0x0000000052dd0000 - 0x0000000053653000 	C:\Program Files\Java\jdk1.8.0_51\jre\bin\server\jvm.dll
0x00007ffc0d120000 - 0x00007ffc0d129000 	C:\Windows\SYSTEM32\WSOCK32.dll
0x00007ffc12010000 - 0x00007ffc1202f000 	C:\Windows\SYSTEM32\WINMM.dll
0x00007ffc145c0000 - 0x00007ffc145ca000 	C:\Windows\SYSTEM32\VERSION.dll
0x00007ffc19860000 - 0x00007ffc19867000 	C:\Windows\system32\PSAPI.DLL
0x00007ffc19430000 - 0x00007ffc19488000 	C:\Windows\system32\WS2_32.dll
0x00007ffc11fe0000 - 0x00007ffc1200a000 	C:\Windows\SYSTEM32\WINMMBASE.dll
0x00007ffc196b0000 - 0x00007ffc196b9000 	C:\Windows\system32\NSI.dll
0x00007ffc16cd0000 - 0x00007ffc16d1a000 	C:\Windows\SYSTEM32\cfgmgr32.dll
0x00007ffc15a60000 - 0x00007ffc15a86000 	C:\Windows\SYSTEM32\DEVOBJ.dll
0x0000000052dc0000 - 0x0000000052dcf000 	C:\Program Files\Java\jdk1.8.0_51\jre\bin\verify.dll
0x0000000052d90000 - 0x0000000052db9000 	C:\Program Files\Java\jdk1.8.0_51\jre\bin\java.dll
0x0000000052d70000 - 0x0000000052d86000 	C:\Program Files\Java\jdk1.8.0_51\jre\bin\zip.dll
0x0000000052a80000 - 0x0000000052c18000 	C:\Program Files\Java\jdk1.8.0_51\jre\bin\awt.dll
0x00007ffc18700000 - 0x00007ffc187c1000 	C:\Windows\system32\OLEAUT32.dll
0x0000000052a40000 - 0x0000000052a71000 	C:\Program Files\Java\jdk1.8.0_51\jre\bin\jpeg.dll
0x00007ffc15000000 - 0x00007ffc15020000 	C:\Windows\system32\DWMAPI.DLL
0x00007ffc15920000 - 0x00007ffc15a41000 	C:\Windows\system32\uxtheme.dll
0x00007ffc15a50000 - 0x00007ffc15a5a000 	C:\Windows\SYSTEM32\kernel.appcore.dll
0x00007ffc16b70000 - 0x00007ffc16b7a000 	C:\Windows\SYSTEM32\CRYPTBASE.dll
0x00007ffc16a00000 - 0x00007ffc16a63000 	C:\Windows\SYSTEM32\bcryptPrimitives.dll
0x00007ffbfd940000 - 0x00007ffbfdb48000 	C:\Windows\system32\d3d9.dll
0x00007ffc145d0000 - 0x00007ffc14717000 	C:\Windows\SYSTEM32\aticfx64.dll
0x00007ffc0ccf0000 - 0x00007ffc0cd10000 	C:\Windows\SYSTEM32\atiu9p64.dll
0x00007ffbef5e0000 - 0x00007ffbefd64000 	C:\Windows\SYSTEM32\atiumd64.dll
0x0000000053a70000 - 0x00000000544e0000 	C:\Windows\SYSTEM32\atiumd6a.dll

VM Arguments:
jvm_args: -Dfile.encoding=Cp1252 
java_command: gameElements.GameTest
java_class_path (initial): C:\Users\Jason\Desktop\Animals The Gathering\bin
Launcher Type: SUN_STANDARD

Environment Variables:
JAVA_HOME=C:\Program Files (x86)\Java\jre1.8.0_60\bin
PATH=C:/Program Files/Java/jdk1.8.0_51/jre/bin/server;C:/Program Files/Java/jdk1.8.0_51/jre/bin;C:/Program Files/Java/jdk1.8.0_51/jre/lib/amd64;C:\ProgramData\Oracle\Java\javapath;C:\Program Files\Broadcom\Broadcom 802.11;;C:\Windows\system32;C:\Windows;C:\Windows\System32\Wbem;C:\Windows\System32\WindowsPowerShell\v1.0\;;C:\Program Files (x86)\ATI Technologies\ATI.ACE\Core-Static;C:\Users\Jason\AppData\Local\atom\bin;C:\Program Files (x86)\Java\jre1.8.0_60\bin;C:\Program Files\Java\jdk1.8.0_51\bin;C:\Users\Jason\Desktop;
USERNAME=Jason
OS=Windows_NT
PROCESSOR_IDENTIFIER=AMD64 Family 22 Model 48 Stepping 1, AuthenticAMD



---------------  S Y S T E M  ---------------

OS: Windows 8.1 , 64 bit Build 9600 (6.3.9600.17056)

CPU:total 4 (4 cores per cpu, 1 threads per core) family 22 model 48 stepping 1, cmov, cx8, fxsr, mmx, sse, sse2, sse3, ssse3, sse4.1, sse4.2, popcnt, avx, aes, clmul, mmxext, 3dnowpref, lzcnt, sse4a, tsc, tscinvbit, tscinv, bmi1

Memory: 4k page, physical 1789036k(348940k free), swap 3325036k(5144k free)

vm_info: Java HotSpot(TM) 64-Bit Server VM (25.51-b03) for windows-amd64 JRE (1.8.0_51-b16), built on Jun  8 2015 18:03:07 by "java_re" with MS VC++ 10.0 (VS2010)

time: Mon Mar 07 10:34:14 2016
elapsed time: 5 seconds (0d 0h 0m 5s)

